TN:verilator_coverage
SF:/home/lolifish/Documents/programs/XiangShan_UVM/UnityChipForXiangShan/dut/WayLookup/WayLookup.v
DA:88,78184
DA:89,22
DA:90,46
DA:91,5803
DA:92,987
DA:93,12719
DA:94,13081
DA:95,6468
DA:96,6451
DA:97,57581
DA:98,57827
DA:99,1634
DA:100,1642
DA:101,3181
DA:102,3244
DA:103,1620
DA:104,1614
DA:105,5252
DA:106,485
DA:107,264
DA:108,6762
DA:109,13269
DA:110,13382
DA:111,6612
DA:112,6584
DA:113,59975
DA:114,59649
DA:115,1736
DA:116,1713
DA:117,3325
DA:118,3368
DA:119,1668
DA:120,1677
DA:121,17085
DA:122,1669
DA:123,7994
DA:124,70160
DA:125,15821
DA:126,7909
DA:127,2005
DA:130,470
DA:131,422
DA:132,280
DA:133,265
DA:134,1950
DA:135,1976
DA:136,67
DA:137,51
DA:138,106
DA:139,105
DA:140,65
DA:141,70
DA:142,432
DA:143,446
DA:144,248
DA:145,230
DA:146,1930
DA:147,1919
DA:148,63
DA:149,54
DA:150,107
DA:151,99
DA:152,63
DA:153,53
DA:154,424
DA:155,425
DA:156,261
DA:157,252
DA:158,1985
DA:159,1918
DA:160,66
DA:161,68
DA:162,96
DA:163,114
DA:164,55
DA:165,53
DA:166,411
DA:167,435
DA:168,259
DA:169,256
DA:170,1927
DA:171,1942
DA:172,58
DA:173,56
DA:174,114
DA:175,108
DA:176,59
DA:177,60
DA:178,442
DA:179,426
DA:180,257
DA:181,267
DA:182,1920
DA:183,1965
DA:184,60
DA:185,67
DA:186,121
DA:187,114
DA:188,60
DA:189,54
DA:190,418
DA:191,421
DA:192,295
DA:193,257
DA:194,1918
DA:195,1941
DA:196,54
DA:197,91
DA:198,115
DA:199,107
DA:200,61
DA:201,59
DA:202,425
DA:203,432
DA:204,272
DA:205,270
DA:206,1906
DA:207,1953
DA:208,65
DA:209,66
DA:210,119
DA:211,120
DA:212,52
DA:213,64
DA:214,449
DA:215,446
DA:216,277
DA:217,251
DA:218,1950
DA:219,1945
DA:220,62
DA:221,64
DA:222,102
DA:223,107
DA:224,62
DA:225,54
DA:226,413
DA:227,463
DA:228,242
DA:229,278
DA:230,1950
DA:231,1985
DA:232,66
DA:233,56
DA:234,106
DA:235,113
DA:236,54
DA:237,63
DA:238,430
DA:239,435
DA:240,289
DA:241,259
DA:242,1908
DA:243,1978
DA:244,63
DA:245,62
DA:246,102
DA:247,114
DA:248,65
DA:249,59
DA:250,465
DA:251,442
DA:252,282
DA:253,299
DA:254,1915
DA:255,1957
DA:256,71
DA:257,71
DA:258,98
DA:259,110
DA:260,61
DA:261,51
DA:262,405
DA:263,430
DA:264,262
DA:265,275
DA:266,1941
DA:267,1913
DA:268,58
DA:269,58
DA:270,89
DA:271,105
DA:272,57
DA:273,56
DA:274,420
DA:275,418
DA:276,252
DA:277,249
DA:278,1952
DA:279,1877
DA:280,66
DA:281,60
DA:282,102
DA:283,92
DA:284,51
DA:285,54
DA:286,402
DA:287,436
DA:288,281
DA:289,254
DA:290,1894
DA:291,1924
DA:292,59
DA:293,63
DA:294,92
DA:295,103
DA:296,56
DA:297,70
DA:298,441
DA:299,390
DA:300,261
DA:301,261
DA:302,1869
DA:303,1946
DA:304,62
DA:305,53
DA:306,103
DA:307,102
DA:308,60
DA:309,56
DA:310,404
DA:311,425
DA:312,272
DA:313,259
DA:314,1890
DA:315,1959
DA:316,63
DA:317,63
DA:318,96
DA:319,105
DA:320,57
DA:321,57
DA:322,430
DA:323,420
DA:324,264
DA:325,253
DA:326,1938
DA:327,1976
DA:328,52
DA:329,69
DA:330,110
DA:331,113
DA:332,68
DA:333,53
DA:334,448
DA:335,392
DA:336,272
DA:337,275
DA:338,1880
DA:339,1909
DA:340,63
DA:341,60
DA:342,109
DA:343,110
DA:344,67
DA:345,59
DA:346,421
DA:347,434
DA:348,254
DA:349,283
DA:350,1958
DA:351,1888
DA:352,70
DA:353,64
DA:354,94
DA:355,100
DA:356,56
DA:357,57
DA:358,423
DA:359,435
DA:360,282
DA:361,295
DA:362,1890
DA:363,1905
DA:364,70
DA:365,56
DA:366,95
DA:367,117
DA:368,53
DA:369,69
DA:370,399
DA:371,428
DA:372,258
DA:373,254
DA:374,1868
DA:375,1954
DA:376,59
DA:377,59
DA:378,110
DA:379,115
DA:380,63
DA:381,62
DA:382,414
DA:383,429
DA:384,261
DA:385,287
DA:386,1876
DA:387,1897
DA:388,65
DA:389,57
DA:390,102
DA:391,112
DA:392,63
DA:393,56
DA:394,418
DA:395,430
DA:396,290
DA:397,282
DA:398,1928
DA:399,1893
DA:400,55
DA:401,50
DA:402,111
DA:403,109
DA:404,42
DA:405,62
DA:406,405
DA:407,420
DA:408,275
DA:409,265
DA:410,1887
DA:411,1913
DA:412,63
DA:413,62
DA:414,100
DA:415,102
DA:416,50
DA:417,55
DA:418,415
DA:419,461
DA:420,248
DA:421,257
DA:422,1868
DA:423,1900
DA:424,62
DA:425,64
DA:426,101
DA:427,122
DA:428,59
DA:429,55
DA:430,417
DA:431,401
DA:432,237
DA:433,250
DA:434,1920
DA:435,1902
DA:436,69
DA:437,71
DA:438,121
DA:439,118
DA:440,48
DA:441,69
DA:442,402
DA:443,419
DA:444,264
DA:445,250
DA:446,1876
DA:447,1861
DA:448,57
DA:449,60
DA:450,109
DA:451,102
DA:452,63
DA:453,55
DA:454,413
DA:455,400
DA:456,288
DA:457,265
DA:458,1803
DA:459,1826
DA:460,65
DA:461,55
DA:462,90
DA:463,109
DA:464,55
DA:465,66
DA:466,397
DA:467,426
DA:468,272
DA:469,240
DA:470,1866
DA:471,1880
DA:472,60
DA:473,59
DA:474,96
DA:475,102
DA:476,57
DA:477,61
DA:478,420
DA:479,413
DA:480,242
DA:481,242
DA:482,1815
DA:483,1801
DA:484,71
DA:485,63
DA:486,106
DA:487,98
DA:488,51
DA:489,55
DA:490,400
DA:491,408
DA:492,266
DA:493,231
DA:494,1832
DA:495,1842
DA:496,56
DA:497,63
DA:498,96
DA:499,106
DA:500,67
DA:501,53
DA:502,409
DA:503,399
DA:504,250
DA:505,250
DA:506,1841
DA:507,1820
DA:508,71
DA:509,66
DA:510,101
DA:511,90
DA:512,63
DA:513,61
DA:514,95
DA:515,5415
DA:516,97
DA:517,5615
DA:519,692
DA:520,118
DA:521,838
DA:522,39
DA:523,33
DA:524,182
DA:525,116
DA:527,983
DA:528,987
DA:926,264
DA:929,90
DA:932,71
DA:935,66
DA:938,52
DA:941,83
DA:944,55
DA:947,83
DA:950,76
DA:953,69
DA:956,96
DA:959,79
DA:962,62
DA:965,85
DA:968,71
DA:971,68
DA:974,67
DA:977,68
DA:980,82
DA:983,88
DA:986,62
DA:989,85
DA:992,76
DA:995,75
DA:998,63
DA:1001,77
DA:1004,76
DA:1007,90
DA:1010,66
DA:1013,71
DA:1016,73
DA:1019,83
DA:1022,82
DA:1025,57
DA:1028,66
DA:1031,73
DA:1034,70
DA:1037,60
DA:1040,100
DA:1043,73
DA:1046,85
DA:1049,70
DA:1052,59
DA:1055,80
DA:1058,106
DA:1061,90
DA:1064,72
DA:1067,69
DA:1070,70
DA:1073,66
DA:1076,71
DA:1079,62
DA:1082,78
DA:1085,89
DA:1088,67
DA:1091,107
DA:1094,71
DA:1097,64
DA:1100,69
DA:1103,62
DA:1106,47
DA:1109,79
DA:1112,45
DA:1115,61
DA:1118,62
DA:1125,75
DA:1126,86
DA:1127,63
DA:1128,66
DA:1129,76
DA:1130,65
DA:1131,77
DA:1132,66
DA:1133,56
DA:1134,70
DA:1135,88
DA:1136,66
DA:1137,75
DA:1138,76
DA:1139,75
DA:1140,66
DA:1141,65
DA:1142,99
DA:1143,76
DA:1144,71
DA:1145,81
DA:1146,83
DA:1147,77
DA:1148,69
DA:1149,76
DA:1150,57
DA:1151,76
DA:1152,72
DA:1153,52
DA:1154,60
DA:1155,79
DA:1156,86
DA:1157,55
DA:1158,62
DA:1159,74
DA:1160,79
DA:1161,56
DA:1162,84
DA:1163,56
DA:1164,97
DA:1165,71
DA:1166,78
DA:1167,71
DA:1168,74
DA:1169,87
DA:1170,68
DA:1171,68
DA:1172,84
DA:1173,78
DA:1174,72
DA:1175,67
DA:1176,79
DA:1177,82
DA:1178,80
DA:1179,68
DA:1180,66
DA:1181,76
DA:1182,76
DA:1183,60
DA:1184,66
DA:1185,90
DA:1186,65
DA:1187,71
DA:1188,86
DA:1189,78202
DA:1190,48
DA:1191,24
DA:1192,24
DA:1193,24
DA:1194,24
DA:1195,24
DA:1196,24
DA:1197,24
DA:1198,24
DA:1199,24
DA:1200,24
DA:1201,24
DA:1202,24
DA:1203,24
DA:1204,24
DA:1205,24
DA:1206,24
DA:1207,24
DA:1208,24
DA:1209,24
DA:1210,24
DA:1211,24
DA:1212,24
DA:1213,24
DA:1214,24
DA:1215,24
DA:1216,24
DA:1217,24
DA:1218,24
DA:1219,24
DA:1220,24
DA:1221,24
DA:1222,24
DA:1223,24
DA:1224,24
DA:1225,24
DA:1226,24
DA:1227,24
DA:1228,24
DA:1229,24
DA:1230,24
DA:1231,24
DA:1232,24
DA:1233,24
DA:1234,24
DA:1235,24
DA:1236,24
DA:1237,24
DA:1238,24
DA:1239,24
DA:1240,24
DA:1241,24
DA:1242,24
DA:1243,24
DA:1244,24
DA:1245,24
DA:1246,24
DA:1247,24
DA:1248,24
DA:1249,24
DA:1250,24
DA:1251,24
DA:1252,24
DA:1253,24
DA:1254,24
DA:1255,24
DA:1256,24
DA:1257,24
DA:1258,24
DA:1259,24
DA:1260,24
DA:1261,24
DA:1262,24
DA:1263,24
DA:1264,24
DA:1265,24
DA:1266,24
DA:1267,24
DA:1268,24
DA:1269,24
DA:1270,24
DA:1271,24
DA:1272,24
DA:1273,24
DA:1274,24
DA:1275,24
DA:1276,24
DA:1277,24
DA:1278,24
DA:1279,24
DA:1280,24
DA:1281,24
DA:1282,24
DA:1283,24
DA:1284,24
DA:1285,24
DA:1286,24
DA:1287,24
DA:1288,24
DA:1289,24
DA:1290,24
DA:1291,24
DA:1292,24
DA:1293,24
DA:1294,24
DA:1295,24
DA:1296,24
DA:1297,24
DA:1298,24
DA:1299,24
DA:1300,24
DA:1301,24
DA:1302,24
DA:1303,24
DA:1304,24
DA:1305,24
DA:1306,24
DA:1307,24
DA:1308,24
DA:1309,24
DA:1310,24
DA:1311,24
DA:1312,24
DA:1313,24
DA:1314,24
DA:1315,24
DA:1316,24
DA:1317,24
DA:1318,24
DA:1319,24
DA:1320,24
DA:1321,24
DA:1322,24
DA:1323,24
DA:1324,24
DA:1325,24
DA:1326,24
DA:1327,24
DA:1328,24
DA:1329,24
DA:1330,24
DA:1331,24
DA:1332,24
DA:1333,24
DA:1334,24
DA:1335,24
DA:1336,24
DA:1337,24
DA:1338,24
DA:1339,24
DA:1340,24
DA:1341,24
DA:1342,24
DA:1343,24
DA:1344,24
DA:1345,24
DA:1346,24
DA:1347,24
DA:1348,24
DA:1349,24
DA:1350,24
DA:1351,24
DA:1352,24
DA:1353,24
DA:1354,24
DA:1355,24
DA:1356,24
DA:1357,24
DA:1358,24
DA:1359,24
DA:1360,24
DA:1361,24
DA:1362,24
DA:1363,24
DA:1364,24
DA:1365,24
DA:1366,24
DA:1367,24
DA:1368,24
DA:1369,24
DA:1370,24
DA:1371,24
DA:1372,24
DA:1373,24
DA:1374,24
DA:1375,24
DA:1376,24
DA:1377,24
DA:1378,24
DA:1379,24
DA:1380,24
DA:1381,24
DA:1382,24
DA:1383,24
DA:1384,24
DA:1385,24
DA:1386,24
DA:1387,24
DA:1388,24
DA:1389,24
DA:1390,24
DA:1391,24
DA:1392,24
DA:1393,24
DA:1394,24
DA:1395,24
DA:1396,24
DA:1397,24
DA:1398,24
DA:1399,24
DA:1400,24
DA:1401,24
DA:1402,24
DA:1403,24
DA:1404,24
DA:1405,24
DA:1406,24
DA:1407,24
DA:1408,24
DA:1409,24
DA:1410,24
DA:1411,24
DA:1412,24
DA:1413,24
DA:1414,24
DA:1415,24
DA:1416,24
DA:1417,24
DA:1418,24
DA:1419,24
DA:1420,24
DA:1421,24
DA:1422,24
DA:1423,24
DA:1424,24
DA:1425,24
DA:1426,24
DA:1427,24
DA:1428,24
DA:1429,24
DA:1430,24
DA:1431,24
DA:1432,24
DA:1433,24
DA:1434,24
DA:1435,24
DA:1436,24
DA:1437,24
DA:1438,24
DA:1439,24
DA:1440,24
DA:1441,24
DA:1442,24
DA:1443,24
DA:1444,24
DA:1445,24
DA:1446,24
DA:1447,24
DA:1448,24
DA:1449,24
DA:1450,24
DA:1451,24
DA:1452,24
DA:1453,24
DA:1454,24
DA:1455,24
DA:1456,24
DA:1457,24
DA:1458,24
DA:1459,24
DA:1460,24
DA:1461,24
DA:1462,24
DA:1463,24
DA:1464,24
DA:1465,24
DA:1466,24
DA:1467,24
DA:1468,24
DA:1469,24
DA:1470,24
DA:1471,24
DA:1472,24
DA:1473,24
DA:1474,24
DA:1475,24
DA:1476,24
DA:1477,24
DA:1478,24
DA:1479,24
DA:1480,24
DA:1481,24
DA:1482,24
DA:1483,24
DA:1484,24
DA:1485,24
DA:1486,24
DA:1487,24
DA:1488,24
DA:1489,24
DA:1490,24
DA:1491,24
DA:1492,24
DA:1493,24
DA:1494,24
DA:1495,24
DA:1496,24
DA:1497,24
DA:1498,24
DA:1499,24
DA:1500,24
DA:1501,24
DA:1502,24
DA:1503,24
DA:1504,24
DA:1505,24
DA:1506,24
DA:1507,24
DA:1508,24
DA:1509,24
DA:1510,24
DA:1511,24
DA:1512,24
DA:1513,24
DA:1514,24
DA:1515,24
DA:1516,24
DA:1517,24
DA:1518,24
DA:1519,24
DA:1520,24
DA:1521,24
DA:1522,24
DA:1523,24
DA:1524,24
DA:1525,24
DA:1526,24
DA:1527,24
DA:1528,24
DA:1529,24
DA:1530,24
DA:1531,24
DA:1532,24
DA:1533,24
DA:1534,24
DA:1535,24
DA:1536,24
DA:1537,24
DA:1538,24
DA:1539,24
DA:1540,24
DA:1541,24
DA:1542,24
DA:1543,24
DA:1544,24
DA:1545,24
DA:1546,24
DA:1547,24
DA:1548,24
DA:1549,24
DA:1550,24
DA:1551,24
DA:1552,24
DA:1553,24
DA:1554,24
DA:1555,24
DA:1556,24
DA:1557,24
DA:1558,24
DA:1559,24
DA:1560,24
DA:1561,24
DA:1562,24
DA:1563,24
DA:1564,24
DA:1565,24
DA:1566,24
DA:1567,24
DA:1568,24
DA:1569,24
DA:1570,24
DA:1571,24
DA:1572,24
DA:1573,24
DA:1574,24
DA:1575,24
DA:1576,24
DA:1577,24
DA:1578,24
DA:1579,24
DA:1580,24
DA:1581,24
DA:1582,24
DA:1583,24
DA:1585,39077
DA:1586,200
DA:1587,100
DA:1588,100
DA:1589,100
DA:1590,100
DA:1591,100
DA:1592,100
DA:1593,100
DA:1594,100
DA:1595,100
DA:1596,100
DA:1597,100
DA:1598,100
DA:1600,38977
DA:1601,84
DA:1602,38
DA:1603,19
DA:1604,9
DA:1605,14
DA:1607,62
DA:1608,32
DA:1609,16
DA:1610,5
DA:1611,10
DA:1613,38
DA:1614,19
DA:1615,32
DA:1616,16
DA:1618,184
DA:1619,92
DA:1620,92
DA:1621,92
DA:1622,92
DA:1623,92
DA:1624,92
DA:1625,92
DA:1626,92
DA:1627,92
DA:1628,92
DA:1629,92
DA:1630,92
DA:1632,38985
DA:1633,60
DA:1634,20
DA:1635,10
DA:1636,4
DA:1637,16
DA:1639,48
DA:1640,14
DA:1641,7
DA:1642,6
DA:1643,11
DA:1645,20
DA:1646,10
DA:1647,14
DA:1648,7
DA:1650,184
DA:1651,92
DA:1652,92
DA:1653,92
DA:1654,92
DA:1655,92
DA:1656,92
DA:1657,92
DA:1658,92
DA:1659,92
DA:1660,92
DA:1661,92
DA:1662,92
DA:1664,38985
DA:1665,76
DA:1666,24
DA:1667,12
DA:1668,11
DA:1669,15
DA:1671,50
DA:1672,18
DA:1673,9
DA:1674,3
DA:1675,13
DA:1677,24
DA:1678,12
DA:1679,18
DA:1680,9
DA:1682,182
DA:1683,91
DA:1684,91
DA:1685,91
DA:1686,91
DA:1687,91
DA:1688,91
DA:1689,91
DA:1690,91
DA:1691,91
DA:1692,91
DA:1693,91
DA:1694,91
DA:1696,38986
DA:1697,78
DA:1698,36
DA:1699,18
DA:1700,6
DA:1701,15
DA:1703,70
DA:1704,24
DA:1705,12
DA:1706,8
DA:1707,15
DA:1709,36
DA:1710,18
DA:1711,24
DA:1712,12
DA:1714,182
DA:1715,91
DA:1716,91
DA:1717,91
DA:1718,91
DA:1719,91
DA:1720,91
DA:1721,91
DA:1722,91
DA:1723,91
DA:1724,91
DA:1725,91
DA:1726,91
DA:1728,38986
DA:1729,62
DA:1730,24
DA:1731,12
DA:1732,5
DA:1733,14
DA:1735,92
DA:1736,26
DA:1737,13
DA:1738,16
DA:1739,17
DA:1741,24
DA:1742,12
DA:1743,26
DA:1744,13
DA:1746,182
DA:1747,91
DA:1748,91
DA:1749,91
DA:1750,91
DA:1751,91
DA:1752,91
DA:1753,91
DA:1754,91
DA:1755,91
DA:1756,91
DA:1757,91
DA:1758,91
DA:1760,38986
DA:1761,74
DA:1762,42
DA:1763,21
DA:1764,2
DA:1765,14
DA:1767,56
DA:1768,24
DA:1769,12
DA:1770,4
DA:1771,12
DA:1773,42
DA:1774,21
DA:1775,24
DA:1776,12
DA:1778,182
DA:1779,91
DA:1780,91
DA:1781,91
DA:1782,91
DA:1783,91
DA:1784,91
DA:1785,91
DA:1786,91
DA:1787,91
DA:1788,91
DA:1789,91
DA:1790,91
DA:1792,38986
DA:1793,80
DA:1794,30
DA:1795,15
DA:1796,11
DA:1797,14
DA:1799,62
DA:1800,30
DA:1801,15
DA:1802,4
DA:1803,12
DA:1805,30
DA:1806,15
DA:1807,30
DA:1808,15
DA:1810,182
DA:1811,91
DA:1812,91
DA:1813,91
DA:1814,91
DA:1815,91
DA:1816,91
DA:1817,91
DA:1818,91
DA:1819,91
DA:1820,91
DA:1821,91
DA:1822,91
DA:1824,38986
DA:1825,64
DA:1826,30
DA:1827,15
DA:1828,10
DA:1829,7
DA:1831,62
DA:1832,26
DA:1833,13
DA:1834,9
DA:1835,9
DA:1837,30
DA:1838,15
DA:1839,26
DA:1840,13
DA:1842,182
DA:1843,91
DA:1844,91
DA:1845,91
DA:1846,91
DA:1847,91
DA:1848,91
DA:1849,91
DA:1850,91
DA:1851,91
DA:1852,91
DA:1853,91
DA:1854,91
DA:1856,38986
DA:1857,60
DA:1858,24
DA:1859,12
DA:1860,6
DA:1861,12
DA:1863,78
DA:1864,44
DA:1865,22
DA:1866,6
DA:1867,11
DA:1869,24
DA:1870,12
DA:1871,44
DA:1872,22
DA:1874,182
DA:1875,91
DA:1876,91
DA:1877,91
DA:1878,91
DA:1879,91
DA:1880,91
DA:1881,91
DA:1882,91
DA:1883,91
DA:1884,91
DA:1885,91
DA:1886,91
DA:1888,38986
DA:1889,80
DA:1890,32
DA:1891,16
DA:1892,9
DA:1893,15
DA:1895,54
DA:1896,22
DA:1897,11
DA:1898,1
DA:1899,15
DA:1901,32
DA:1902,16
DA:1903,22
DA:1904,11
DA:1906,182
DA:1907,91
DA:1908,91
DA:1909,91
DA:1910,91
DA:1911,91
DA:1912,91
DA:1913,91
DA:1914,91
DA:1915,91
DA:1916,91
DA:1917,91
DA:1918,91
DA:1920,38986
DA:1921,80
DA:1922,32
DA:1923,16
DA:1924,12
DA:1925,12
DA:1927,70
DA:1928,32
DA:1929,16
DA:1930,5
DA:1931,14
DA:1933,32
DA:1934,16
DA:1935,32
DA:1936,16
DA:1938,182
DA:1939,91
DA:1940,91
DA:1941,91
DA:1942,91
DA:1943,91
DA:1944,91
DA:1945,91
DA:1946,91
DA:1947,91
DA:1948,91
DA:1949,91
DA:1950,91
DA:1952,38986
DA:1953,66
DA:1954,36
DA:1955,18
DA:1956,9
DA:1957,6
DA:1959,60
DA:1960,28
DA:1961,14
DA:1962,5
DA:1963,11
DA:1965,36
DA:1966,18
DA:1967,28
DA:1968,14
DA:1970,180
DA:1971,90
DA:1972,90
DA:1973,90
DA:1974,90
DA:1975,90
DA:1976,90
DA:1977,90
DA:1978,90
DA:1979,90
DA:1980,90
DA:1981,90
DA:1982,90
DA:1984,38987
DA:1985,72
DA:1986,28
DA:1987,14
DA:1988,5
DA:1989,17
DA:1991,68
DA:1992,20
DA:1993,10
DA:1994,13
DA:1995,11
DA:1997,28
DA:1998,14
DA:1999,20
DA:2000,10
DA:2002,180
DA:2003,90
DA:2004,90
DA:2005,90
DA:2006,90
DA:2007,90
DA:2008,90
DA:2009,90
DA:2010,90
DA:2011,90
DA:2012,90
DA:2013,90
DA:2014,90
DA:2016,38987
DA:2017,82
DA:2018,24
DA:2019,12
DA:2020,10
DA:2021,19
DA:2023,64
DA:2024,34
DA:2025,17
DA:2026,8
DA:2027,7
DA:2029,24
DA:2030,12
DA:2031,34
DA:2032,17
DA:2034,180
DA:2035,90
DA:2036,90
DA:2037,90
DA:2038,90
DA:2039,90
DA:2040,90
DA:2041,90
DA:2042,90
DA:2043,90
DA:2044,90
DA:2045,90
DA:2046,90
DA:2048,38987
DA:2049,64
DA:2050,24
DA:2051,12
DA:2052,6
DA:2053,14
DA:2055,66
DA:2056,28
DA:2057,14
DA:2058,6
DA:2059,13
DA:2061,24
DA:2062,12
DA:2063,28
DA:2064,14
DA:2066,180
DA:2067,90
DA:2068,90
DA:2069,90
DA:2070,90
DA:2071,90
DA:2072,90
DA:2073,90
DA:2074,90
DA:2075,90
DA:2076,90
DA:2077,90
DA:2078,90
DA:2080,38987
DA:2081,76
DA:2082,28
DA:2083,14
DA:2084,11
DA:2085,13
DA:2087,76
DA:2088,40
DA:2089,20
DA:2090,5
DA:2091,13
DA:2093,28
DA:2094,14
DA:2095,40
DA:2096,20
DA:2098,180
DA:2099,90
DA:2100,90
DA:2101,90
DA:2102,90
DA:2103,90
DA:2104,90
DA:2105,90
DA:2106,90
DA:2107,90
DA:2108,90
DA:2109,90
DA:2110,90
DA:2112,38987
DA:2113,50
DA:2114,22
DA:2115,11
DA:2116,6
DA:2117,8
DA:2119,60
DA:2120,22
DA:2121,11
DA:2122,7
DA:2123,12
DA:2125,22
DA:2126,11
DA:2127,22
DA:2128,11
DA:2130,180
DA:2131,90
DA:2132,90
DA:2133,90
DA:2134,90
DA:2135,90
DA:2136,90
DA:2137,90
DA:2138,90
DA:2139,90
DA:2140,90
DA:2141,90
DA:2142,90
DA:2144,38987
DA:2145,68
DA:2146,36
DA:2147,18
DA:2148,2
DA:2149,14
DA:2151,66
DA:2152,24
DA:2153,12
DA:2154,7
DA:2155,14
DA:2157,36
DA:2158,18
DA:2159,24
DA:2160,12
DA:2162,178
DA:2163,89
DA:2164,89
DA:2165,89
DA:2166,89
DA:2167,89
DA:2168,89
DA:2169,89
DA:2170,89
DA:2171,89
DA:2172,89
DA:2173,89
DA:2174,89
DA:2176,38988
DA:2177,54
DA:2178,14
DA:2179,7
DA:2180,6
DA:2181,14
DA:2183,94
DA:2184,40
DA:2185,20
DA:2186,13
DA:2187,14
DA:2189,14
DA:2190,7
DA:2191,40
DA:2192,20
DA:2194,178
DA:2195,89
DA:2196,89
DA:2197,89
DA:2198,89
DA:2199,89
DA:2200,89
DA:2201,89
DA:2202,89
DA:2203,89
DA:2204,89
DA:2205,89
DA:2206,89
DA:2208,38988
DA:2209,70
DA:2210,22
DA:2211,11
DA:2212,8
DA:2213,16
DA:2215,78
DA:2216,38
DA:2217,19
DA:2218,2
DA:2219,18
DA:2221,22
DA:2222,11
DA:2223,38
DA:2224,19
DA:2226,178
DA:2227,89
DA:2228,89
DA:2229,89
DA:2230,89
DA:2231,89
DA:2232,89
DA:2233,89
DA:2234,89
DA:2235,89
DA:2236,89
DA:2237,89
DA:2238,89
DA:2240,38988
DA:2241,68
DA:2242,18
DA:2243,9
DA:2244,9
DA:2245,16
DA:2247,56
DA:2248,32
DA:2249,16
DA:2250,0
DA:2251,12
DA:2253,18
DA:2254,9
DA:2255,32
DA:2256,16
DA:2258,178
DA:2259,89
DA:2260,89
DA:2261,89
DA:2262,89
DA:2263,89
DA:2264,89
DA:2265,89
DA:2266,89
DA:2267,89
DA:2268,89
DA:2269,89
DA:2270,89
DA:2272,38988
DA:2273,74
DA:2274,26
DA:2275,13
DA:2276,8
DA:2277,16
DA:2279,100
DA:2280,26
DA:2281,13
DA:2282,17
DA:2283,20
DA:2285,26
DA:2286,13
DA:2287,26
DA:2288,13
DA:2290,180
DA:2291,90
DA:2292,90
DA:2293,90
DA:2294,90
DA:2295,90
DA:2296,90
DA:2297,90
DA:2298,90
DA:2299,90
DA:2300,90
DA:2301,90
DA:2302,90
DA:2304,38987
DA:2305,82
DA:2306,46
DA:2307,23
DA:2308,5
DA:2309,13
DA:2311,68
DA:2312,30
DA:2313,15
DA:2314,5
DA:2315,14
DA:2317,46
DA:2318,23
DA:2319,30
DA:2320,15
DA:2322,178
DA:2323,89
DA:2324,89
DA:2325,89
DA:2326,89
DA:2327,89
DA:2328,89
DA:2329,89
DA:2330,89
DA:2331,89
DA:2332,89
DA:2333,89
DA:2334,89
DA:2336,38988
DA:2337,62
DA:2338,22
DA:2339,11
DA:2340,5
DA:2341,15
DA:2343,64
DA:2344,24
DA:2345,12
DA:2346,6
DA:2347,14
DA:2349,22
DA:2350,11
DA:2351,24
DA:2352,12
DA:2354,178
DA:2355,89
DA:2356,89
DA:2357,89
DA:2358,89
DA:2359,89
DA:2360,89
DA:2361,89
DA:2362,89
DA:2363,89
DA:2364,89
DA:2365,89
DA:2366,89
DA:2368,38988
DA:2369,62
DA:2370,30
DA:2371,15
DA:2372,5
DA:2373,11
DA:2375,64
DA:2376,18
DA:2377,9
DA:2378,7
DA:2379,16
DA:2381,30
DA:2382,15
DA:2383,18
DA:2384,9
DA:2386,178
DA:2387,89
DA:2388,89
DA:2389,89
DA:2390,89
DA:2391,89
DA:2392,89
DA:2393,89
DA:2394,89
DA:2395,89
DA:2396,89
DA:2397,89
DA:2398,89
DA:2400,38988
DA:2401,54
DA:2402,18
DA:2403,9
DA:2404,8
DA:2405,10
DA:2407,74
DA:2408,30
DA:2409,15
DA:2410,6
DA:2411,16
DA:2413,18
DA:2414,9
DA:2415,30
DA:2416,15
DA:2418,176
DA:2419,88
DA:2420,88
DA:2421,88
DA:2422,88
DA:2423,88
DA:2424,88
DA:2425,88
DA:2426,88
DA:2427,88
DA:2428,88
DA:2429,88
DA:2430,88
DA:2432,38989
DA:2433,84
DA:2434,34
DA:2435,17
DA:2436,9
DA:2437,16
DA:2439,60
DA:2440,20
DA:2441,10
DA:2442,6
DA:2443,14
DA:2445,34
DA:2446,17
DA:2447,20
DA:2448,10
DA:2450,176
DA:2451,88
DA:2452,88
DA:2453,88
DA:2454,88
DA:2455,88
DA:2456,88
DA:2457,88
DA:2458,88
DA:2459,88
DA:2460,88
DA:2461,88
DA:2462,88
DA:2464,38989
DA:2465,100
DA:2466,24
DA:2467,12
DA:2468,14
DA:2469,24
DA:2471,64
DA:2472,22
DA:2473,11
DA:2474,5
DA:2475,16
DA:2477,24
DA:2478,12
DA:2479,22
DA:2480,11
DA:2482,174
DA:2483,87
DA:2484,87
DA:2485,87
DA:2486,87
DA:2487,87
DA:2488,87
DA:2489,87
DA:2490,87
DA:2491,87
DA:2492,87
DA:2493,87
DA:2494,87
DA:2496,38990
DA:2497,58
DA:2498,26
DA:2499,13
DA:2500,3
DA:2501,13
DA:2503,62
DA:2504,24
DA:2505,12
DA:2506,5
DA:2507,14
DA:2509,26
DA:2510,13
DA:2511,24
DA:2512,12
DA:2514,172
DA:2515,86
DA:2516,86
DA:2517,86
DA:2518,86
DA:2519,86
DA:2520,86
DA:2521,86
DA:2522,86
DA:2523,86
DA:2524,86
DA:2525,86
DA:2526,86
DA:2528,38991
DA:2529,54
DA:2530,18
DA:2531,9
DA:2532,3
DA:2533,15
DA:2535,44
DA:2536,18
DA:2537,9
DA:2538,4
DA:2539,9
DA:2541,18
DA:2542,9
DA:2543,18
DA:2544,9
DA:2546,172
DA:2547,86
DA:2548,86
DA:2549,86
DA:2550,86
DA:2551,86
DA:2552,86
DA:2553,86
DA:2554,86
DA:2555,86
DA:2556,86
DA:2557,86
DA:2558,86
DA:2560,38991
DA:2561,72
DA:2562,30
DA:2563,15
DA:2564,6
DA:2565,15
DA:2567,38
DA:2568,20
DA:2569,10
DA:2570,3
DA:2571,6
DA:2573,30
DA:2574,15
DA:2575,20
DA:2576,10
DA:2578,170
DA:2579,85
DA:2580,85
DA:2581,85
DA:2582,85
DA:2583,85
DA:2584,85
DA:2585,85
DA:2586,85
DA:2587,85
DA:2588,85
DA:2589,85
DA:2590,85
DA:2592,38992
DA:2593,58
DA:2594,20
DA:2595,10
DA:2596,4
DA:2597,15
DA:2599,56
DA:2600,26
DA:2601,13
DA:2602,4
DA:2603,11
DA:2605,20
DA:2606,10
DA:2607,26
DA:2608,13
DA:2610,39077
DA:2611,36
DA:2612,18
DA:2613,18
DA:2615,39059
DA:2616,5552
DA:2617,2776
DA:2618,5750
DA:2619,2875
DA:2621,39077
DA:2622,120
DA:2624,60
DA:2625,60
DA:2626,60
DA:2627,60
DA:2628,60
DA:2629,60
DA:2631,39017
DA:2632,1097
DA:2633,37920
DA:2635,1097
DA:2636,34
DA:2637,17
DA:2638,39017
DA:2647,24
DA:3050,6
DA:3051,6
DA:3052,6
DA:3053,6
DA:3054,6
DA:3055,6
DA:3056,6
DA:3057,6
DA:3058,6
DA:3059,6
DA:3060,6
DA:3061,6
DA:3062,6
DA:3063,6
DA:3064,6
DA:3065,6
DA:3066,6
DA:3067,6
DA:3068,6
DA:3069,6
DA:3070,6
DA:3071,6
DA:3072,6
DA:3073,6
DA:3074,6
DA:3075,6
DA:3076,6
DA:3077,6
DA:3078,6
DA:3079,6
DA:3080,6
DA:3081,6
DA:3082,6
DA:3083,6
DA:3084,6
DA:3085,6
DA:3086,6
DA:3087,6
DA:3088,6
DA:3089,6
DA:3090,6
DA:3091,6
DA:3092,6
DA:3093,6
DA:3094,6
DA:3095,6
DA:3096,6
DA:3097,6
DA:3098,6
DA:3099,6
DA:3100,6
DA:3101,6
DA:3102,6
DA:3103,6
DA:3104,6
DA:3105,6
DA:3106,6
DA:3107,6
DA:3108,6
DA:3109,6
DA:3110,6
DA:3111,6
DA:3112,6
DA:3113,6
DA:3114,6
DA:3115,6
DA:3116,6
DA:3117,6
DA:3118,6
DA:3119,6
DA:3120,6
DA:3121,6
DA:3122,6
DA:3123,6
DA:3124,6
DA:3125,6
DA:3126,6
DA:3127,6
DA:3128,6
DA:3129,6
DA:3130,6
DA:3131,6
DA:3132,6
DA:3133,6
DA:3134,6
DA:3135,6
DA:3136,6
DA:3137,6
DA:3138,6
DA:3139,6
DA:3140,6
DA:3141,6
DA:3142,6
DA:3143,6
DA:3144,6
DA:3145,6
DA:3146,6
DA:3147,6
DA:3148,6
DA:3149,6
DA:3150,6
DA:3151,6
DA:3152,6
DA:3153,6
DA:3154,6
DA:3155,6
DA:3156,6
DA:3157,6
DA:3158,6
DA:3159,6
DA:3160,6
DA:3161,6
DA:3162,6
DA:3163,6
DA:3164,6
DA:3165,6
DA:3166,6
DA:3167,6
DA:3168,6
DA:3169,6
DA:3170,6
DA:3171,6
DA:3172,6
DA:3173,6
DA:3174,6
DA:3175,6
DA:3176,6
DA:3177,6
DA:3178,6
DA:3179,6
DA:3180,6
DA:3181,6
DA:3182,6
DA:3183,6
DA:3184,6
DA:3185,6
DA:3186,6
DA:3187,6
DA:3188,6
DA:3189,6
DA:3190,6
DA:3191,6
DA:3192,6
DA:3193,6
DA:3194,6
DA:3195,6
DA:3196,6
DA:3197,6
DA:3198,6
DA:3199,6
DA:3200,6
DA:3201,6
DA:3202,6
DA:3203,6
DA:3204,6
DA:3205,6
DA:3206,6
DA:3207,6
DA:3208,6
DA:3209,6
DA:3210,6
DA:3211,6
DA:3212,6
DA:3213,6
DA:3214,6
DA:3215,6
DA:3216,6
DA:3217,6
DA:3218,6
DA:3219,6
DA:3220,6
DA:3221,6
DA:3222,6
DA:3223,6
DA:3224,6
DA:3225,6
DA:3226,6
DA:3227,6
DA:3228,6
DA:3229,6
DA:3230,6
DA:3231,6
DA:3232,6
DA:3233,6
DA:3234,6
DA:3235,6
DA:3236,6
DA:3237,6
DA:3238,6
DA:3239,6
DA:3240,6
DA:3241,6
DA:3242,6
DA:3243,6
DA:3244,6
DA:3245,6
DA:3246,6
DA:3247,6
DA:3248,6
DA:3249,6
DA:3250,6
DA:3251,6
DA:3252,6
DA:3253,6
DA:3254,6
DA:3255,6
DA:3256,6
DA:3257,6
DA:3258,6
DA:3259,6
DA:3260,6
DA:3261,6
DA:3262,6
DA:3263,6
DA:3264,6
DA:3265,6
DA:3266,6
DA:3267,6
DA:3268,6
DA:3269,6
DA:3270,6
DA:3271,6
DA:3272,6
DA:3273,6
DA:3274,6
DA:3275,6
DA:3276,6
DA:3277,6
DA:3278,6
DA:3279,6
DA:3280,6
DA:3281,6
DA:3282,6
DA:3283,6
DA:3284,6
DA:3285,6
DA:3286,6
DA:3287,6
DA:3288,6
DA:3289,6
DA:3290,6
DA:3291,6
DA:3292,6
DA:3293,6
DA:3294,6
DA:3295,6
DA:3296,6
DA:3297,6
DA:3298,6
DA:3299,6
DA:3300,6
DA:3301,6
DA:3302,6
DA:3303,6
DA:3304,6
DA:3305,6
DA:3306,6
DA:3307,6
DA:3308,6
DA:3309,6
DA:3310,6
DA:3311,6
DA:3312,6
DA:3313,6
DA:3314,6
DA:3315,6
DA:3316,6
DA:3317,6
DA:3318,6
DA:3319,6
DA:3320,6
DA:3321,6
DA:3322,6
DA:3323,6
DA:3324,6
DA:3325,6
DA:3326,6
DA:3327,6
DA:3328,6
DA:3329,6
DA:3330,6
DA:3331,6
DA:3332,6
DA:3333,6
DA:3334,6
DA:3335,6
DA:3336,6
DA:3337,6
DA:3338,6
DA:3339,6
DA:3340,6
DA:3341,6
DA:3342,6
DA:3343,6
DA:3344,6
DA:3345,6
DA:3346,6
DA:3347,6
DA:3348,6
DA:3349,6
DA:3350,6
DA:3351,6
DA:3352,6
DA:3353,6
DA:3354,6
DA:3355,6
DA:3356,6
DA:3357,6
DA:3358,6
DA:3359,6
DA:3360,6
DA:3361,6
DA:3362,6
DA:3363,6
DA:3364,6
DA:3365,6
DA:3366,6
DA:3367,6
DA:3368,6
DA:3369,6
DA:3370,6
DA:3371,6
DA:3372,6
DA:3373,6
DA:3374,6
DA:3375,6
DA:3376,6
DA:3377,6
DA:3378,6
DA:3379,6
DA:3380,6
DA:3381,6
DA:3382,6
DA:3383,6
DA:3384,6
DA:3385,6
DA:3386,6
DA:3387,6
DA:3388,6
DA:3389,6
DA:3390,6
DA:3391,6
DA:3392,6
DA:3393,6
DA:3394,6
DA:3395,6
DA:3396,6
DA:3397,6
DA:3398,6
DA:3399,6
DA:3400,6
DA:3401,6
DA:3402,6
DA:3403,6
DA:3404,6
DA:3405,6
DA:3406,6
DA:3407,6
DA:3408,6
DA:3409,6
DA:3410,6
DA:3411,6
DA:3412,6
DA:3413,6
DA:3414,6
DA:3415,6
DA:3416,6
DA:3417,6
DA:3418,6
DA:3419,6
DA:3420,6
DA:3421,6
DA:3422,6
DA:3423,6
DA:3424,6
DA:3425,6
DA:3426,6
DA:3427,6
DA:3428,6
DA:3429,6
DA:3430,6
DA:3431,6
DA:3432,6
DA:3433,6
DA:3434,6
DA:3435,6
DA:3436,6
DA:3437,6
DA:3438,6
DA:3439,6
DA:3440,6
DA:3441,6
DA:3442,6
DA:3443,6
end_of_record
SF:/home/lolifish/Documents/programs/XiangShan_UVM/UnityChipForXiangShan/dut/WayLookup/WayLookup_top.sv
DA:3,78184
DA:4,22
DA:5,46
DA:6,5803
DA:7,987
DA:8,12719
DA:9,13081
DA:10,6468
DA:11,6451
DA:12,57581
DA:13,57827
DA:14,1634
DA:15,1642
DA:16,3181
DA:17,3244
DA:18,1620
DA:19,1614
DA:20,5252
DA:21,485
DA:22,264
DA:23,6762
DA:24,13269
DA:25,13382
DA:26,6612
DA:27,6584
DA:28,59975
DA:29,59649
DA:30,1736
DA:31,1713
DA:32,3325
DA:33,3368
DA:34,1668
DA:35,1677
DA:36,17085
DA:37,1669
DA:38,7994
DA:39,70160
DA:40,15821
DA:41,7909
DA:42,2005
DA:364,0
DA:366,0
DA:369,156380
DA:371,78190
DA:374,0
DA:376,0
DA:379,48
DA:381,24
DA:384,0
DA:386,0
DA:389,92
DA:391,46
DA:394,0
DA:396,0
DA:399,11604
DA:401,5802
DA:404,6492
DA:406,3246
DA:409,5814
DA:411,2907
DA:414,5814
DA:416,2907
DA:419,5814
DA:421,2907
DA:424,5814
DA:426,2907
DA:429,5814
DA:431,2907
DA:434,5814
DA:436,2907
DA:439,11604
DA:441,5802
DA:444,11536
DA:446,5768
DA:449,5814
DA:451,2907
DA:454,5814
DA:456,2907
DA:459,5814
DA:461,2907
DA:464,5814
DA:466,2907
DA:469,144
DA:471,72
DA:474,144
DA:476,72
DA:479,10504
DA:481,5252
DA:484,0
DA:486,0
DA:489,13532
DA:491,6766
DA:494,0
DA:496,0
DA:499,6610
DA:501,3305
DA:504,0
DA:506,0
DA:509,6610
DA:511,3305
DA:514,0
DA:516,0
DA:519,6220
DA:521,3110
DA:524,0
DA:526,0
DA:529,6212
DA:531,3106
DA:534,0
DA:536,0
DA:539,6636
DA:541,3318
DA:544,0
DA:546,0
DA:549,6632
DA:551,3316
DA:554,0
DA:556,0
DA:559,3362
DA:561,1681
DA:564,0
DA:566,0
DA:569,3348
DA:571,1674
DA:574,0
DA:576,0
DA:579,4962
DA:581,2481
DA:584,0
DA:586,0
DA:589,5034
DA:591,2517
DA:594,0
DA:596,0
DA:599,3334
DA:601,1667
DA:604,0
DA:606,0
DA:609,3350
DA:611,1675
DA:614,0
DA:616,0
DA:619,6624
DA:621,3312
DA:624,0
DA:626,0
DA:629,3340
DA:631,1670
DA:634,0
DA:636,0
DA:639,15980
DA:641,7990
DA:644,0
DA:646,0
DA:649,7966
DA:651,3983
DA:654,0
DA:656,0
DA:659,7792
DA:661,3896
DA:664,0
DA:666,0
DA:669,7450
DA:671,3725
DA:674,0
DA:676,0
DA:679,4006
DA:681,2003
DA:684,89856
DA:686,44928
DA:689,142020
DA:691,71010
DA:694,89856
DA:696,44928
DA:699,142164
DA:701,71082
DA:704,153500
DA:706,76750
DA:709,23606
DA:711,11803
DA:714,58
DA:716,29
DA:719,24
DA:721,12
DA:724,24
DA:726,12
DA:729,24
DA:731,12
DA:734,24
DA:736,12
DA:739,24
DA:741,12
DA:744,24
DA:746,12
DA:749,24
DA:751,12
DA:754,24
DA:756,12
DA:759,24
DA:761,12
DA:764,24
DA:766,12
DA:769,234594
DA:771,117297
DA:774,234342
DA:776,117171
DA:779,234156
DA:781,117078
DA:784,233976
DA:786,116988
DA:789,233850
DA:791,116925
DA:794,233628
DA:796,116814
DA:799,233496
DA:801,116748
DA:804,233280
DA:806,116640
DA:809,233094
DA:811,116547
DA:814,232920
DA:816,116460
DA:819,232680
DA:821,116340
DA:824,232476
DA:826,116238
DA:829,232326
DA:831,116163
DA:834,232122
DA:836,116061
DA:839,231966
DA:841,115983
DA:844,231804
DA:846,115902
DA:849,231666
DA:851,115833
DA:854,231510
DA:856,115755
DA:859,231330
DA:861,115665
DA:864,231114
DA:866,115557
DA:869,230970
DA:871,115485
DA:874,230790
DA:876,115395
DA:879,230622
DA:881,115311
DA:884,230514
DA:886,115257
DA:889,230364
DA:891,115182
DA:894,230166
DA:896,115083
DA:899,230016
DA:901,115008
DA:904,229806
DA:906,114903
DA:909,229662
DA:911,114831
DA:914,229524
DA:916,114762
DA:919,229386
DA:921,114693
DA:924,229224
DA:926,114612
DA:929,229062
DA:931,114531
DA:934,228948
DA:936,114474
DA:939,228858
DA:941,114429
DA:944,228696
DA:946,114348
DA:949,228552
DA:951,114276
DA:954,228450
DA:956,114225
DA:959,228276
DA:961,114138
DA:964,228132
DA:966,114066
DA:969,227946
DA:971,113973
DA:974,227814
DA:976,113907
DA:979,227682
DA:981,113841
DA:984,227538
DA:986,113769
DA:989,227358
DA:991,113679
DA:994,227190
DA:996,113595
DA:999,227064
DA:1001,113532
DA:1004,226932
DA:1006,113466
DA:1009,226800
DA:1011,113400
DA:1014,226686
DA:1016,113343
DA:1019,226584
DA:1021,113292
DA:1024,226482
DA:1026,113241
DA:1029,226326
DA:1031,113163
DA:1034,226158
DA:1036,113079
DA:1039,226038
DA:1041,113019
DA:1044,225858
DA:1046,112929
DA:1049,225756
DA:1051,112878
DA:1054,225642
DA:1056,112821
DA:1059,225528
DA:1061,112764
DA:1064,225420
DA:1066,112710
DA:1069,225348
DA:1071,112674
DA:1074,225186
DA:1076,112593
DA:1079,225120
DA:1081,112560
DA:1084,224994
DA:1086,112497
DA:1089,6452
DA:1091,3226
DA:1094,6378
DA:1096,3189
DA:1099,6314
DA:1101,3157
DA:1104,6274
DA:1106,3137
DA:1109,6246
DA:1111,3123
DA:1114,6200
DA:1116,3100
DA:1119,6168
DA:1121,3084
DA:1124,6100
DA:1126,3050
DA:1129,6058
DA:1131,3029
DA:1134,6016
DA:1136,3008
DA:1139,5968
DA:1141,2984
DA:1144,5890
DA:1146,2945
DA:1149,5850
DA:1151,2925
DA:1154,5798
DA:1156,2899
DA:1159,5746
DA:1161,2873
DA:1164,5694
DA:1166,2847
DA:1169,5650
DA:1171,2825
DA:1174,5610
DA:1176,2805
DA:1179,5532
DA:1181,2766
DA:1184,5476
DA:1186,2738
DA:1189,5440
DA:1191,2720
DA:1194,5384
DA:1196,2692
DA:1199,5328
DA:1201,2664
DA:1204,5264
DA:1206,2632
DA:1209,5216
DA:1211,2608
DA:1214,5170
DA:1216,2585
DA:1219,5138
DA:1221,2569
DA:1224,5098
DA:1226,2549
DA:1229,5038
DA:1231,2519
DA:1234,5000
DA:1236,2500
DA:1239,4952
DA:1241,2476
DA:1244,4906
DA:1246,2453
DA:1249,4834
DA:1251,2417
DA:1254,4798
DA:1256,2399
DA:1259,4762
DA:1261,2381
DA:1264,4698
DA:1266,2349
DA:1269,4658
DA:1271,2329
DA:1274,4638
DA:1276,2319
DA:1279,4566
DA:1281,2283
DA:1284,4530
DA:1286,2265
DA:1289,4466
DA:1291,2233
DA:1294,4438
DA:1296,2219
DA:1299,4384
DA:1301,2192
DA:1304,4340
DA:1306,2170
DA:1309,4296
DA:1311,2148
DA:1314,4212
DA:1316,2106
DA:1319,4160
DA:1321,2080
DA:1324,4124
DA:1326,2062
DA:1329,4084
DA:1331,2042
DA:1334,4032
DA:1336,2016
DA:1339,4004
DA:1341,2002
DA:1344,3978
DA:1346,1989
DA:1349,3926
DA:1351,1963
DA:1354,3866
DA:1356,1933
DA:1359,3834
DA:1361,1917
DA:1364,3794
DA:1366,1897
DA:1369,3758
DA:1371,1879
DA:1374,3714
DA:1376,1857
DA:1379,3676
DA:1381,1838
DA:1384,3648
DA:1386,1824
DA:1389,3620
DA:1391,1810
DA:1394,3568
DA:1396,1784
DA:1399,3536
DA:1401,1768
DA:1404,3504
DA:1406,1752
DA:1409,3258
DA:1411,1629
DA:1414,3018
DA:1416,1509
DA:1419,2800
DA:1421,1400
DA:1424,2586
DA:1426,1293
DA:1429,2426
DA:1431,1213
DA:1434,2268
DA:1436,1134
DA:1439,2098
DA:1441,1049
DA:1444,1984
DA:1446,992
DA:1449,1828
DA:1451,914
DA:1454,1716
DA:1456,858
DA:1459,1586
DA:1461,793
DA:1464,1462
DA:1466,731
DA:1469,1362
DA:1471,681
DA:1474,1272
DA:1476,636
DA:1479,1176
DA:1481,588
DA:1484,1120
DA:1486,560
DA:1489,1036
DA:1491,518
DA:1494,966
DA:1496,483
DA:1499,894
DA:1501,447
DA:1504,836
DA:1506,418
DA:1509,786
DA:1511,393
DA:1514,736
DA:1516,368
DA:1519,688
DA:1521,344
DA:1524,650
DA:1526,325
DA:1529,610
DA:1531,305
DA:1534,578
DA:1536,289
DA:1539,534
DA:1541,267
DA:1544,476
DA:1546,238
DA:1549,446
DA:1551,223
DA:1554,416
DA:1556,208
DA:1559,394
DA:1561,197
DA:1564,372
DA:1566,186
DA:1569,354
DA:1571,177
DA:1574,330
DA:1576,165
DA:1579,312
DA:1581,156
DA:1584,284
DA:1586,142
DA:1589,276
DA:1591,138
DA:1594,264
DA:1596,132
DA:1599,258
DA:1601,129
DA:1604,246
DA:1606,123
DA:1609,232
DA:1611,116
DA:1614,216
DA:1616,108
DA:1619,212
DA:1621,106
DA:1624,198
DA:1626,99
DA:1629,184
DA:1631,92
DA:1634,178
DA:1636,89
DA:1639,168
DA:1641,84
DA:1644,160
DA:1646,80
DA:1649,144
DA:1651,72
DA:1654,130
DA:1656,65
DA:1659,122
DA:1661,61
DA:1664,114
DA:1666,57
DA:1669,110
DA:1671,55
DA:1674,106
DA:1676,53
DA:1679,104
DA:1681,52
DA:1684,96
DA:1686,48
DA:1689,92
DA:1691,46
DA:1694,92
DA:1696,46
DA:1699,88
DA:1701,44
DA:1704,86
DA:1706,43
DA:1709,82
DA:1711,41
DA:1714,78
DA:1716,39
DA:1719,74
DA:1721,37
DA:1724,68
DA:1726,34
DA:1731,24
DA:1732,12
DA:1733,12
DA:1737,0
DA:1738,0
end_of_record
